[Operation]2017/10/30 14:22:16 qq  register successfully!
[Operation]2017/10/30 14:23:02 qq  register failed!
[Operation]2017/10/30 14:23:26 qq  register successfully!
[Operation]2017/10/30 14:24:12 tt  register failed!
[Operation]2017/10/30 14:27:15 qq  log in successfully!
[Operation]2017/10/30 14:39:33 qq  log out successfully!
[Operation]2017/10/30 14:39:35 tt  register failed!
[Operation]2017/10/30 14:39:42 tt  register successfully!
[Operation]2017/10/30 14:39:51 xx  register successfully!
[Operation]2017/10/30 14:39:59 aa  register successfully!
[Operation]2017/10/30 14:40:05 ee  register successfully!
[Operation]2017/10/30 14:40:12 qq  log in successfully!
[Operation]2017/10/30 14:40:25 qq  create meeting  Golang  successfully!
[Operation]2017/10/30 14:44:36 qq  query meeting successfully!
[Operation]2017/10/30 14:45:17 qq  query meeting failed!
[Operation]2017/10/30 14:53:03 qq  query user  tt  successfully!
[Operation]2017/12/12 18:32:17 qq  query user    failed!
[Operation]2017/12/12 18:34:11 qq  query user  xx  successfully!
[Operation]2017/12/12 23:00:10 qq  query user  xx  failed!
[Operation]2017/12/12 23:14:26 xx  register successfully!
[Operation]2017/12/12 23:20:48 xx  register successfully!
[Operation]2017/12/12 23:23:23 xx  register successfully!
[Operation]2017/12/12 23:24:58 xx  register successfully!
[Operation]2017/12/12 23:28:12 xx  register successfully!
[Operation]2017/12/12 23:49:27 xx  register successfully!
[Operation]2017/12/12 23:51:55 qq  query user  xx  failed!
[Operation]2017/12/12 23:56:29 uu  register successfully!
[Operation]2017/12/13 00:02:21 tt  register successfully!
[Operation]2017/12/13 00:20:18 tt  register successfully!
[Operation]2017/12/13 00:38:25 ee  register successfully!
[Operation]2017/12/13 00:50:11 tt  register successfully!
[Operation]2017/12/13 00:53:19 qq  query user  go  failed!
[Operation]2017/12/13 00:55:21 qq  query user  go  failed!
[Operation]2017/12/13 01:03:04 ee  register successfully!
[Operation]2017/12/13 10:12:08 tt  register successfully!
[Operation]2017/12/13 10:59:00 qq  log out successfully!
[Operation]2017/12/13 11:02:58 ii  register successfully!
[Operation]2017/12/13 11:09:07 xx  register successfully!
[Operation]2017/12/13 11:18:28 ii  register successfully!
[Operation]2017/12/13 11:29:05 ii  register successfully!
